<?xml version="1.0" encoding="UTF-8"?>
<!-- Generated by org.testng.reporters.JUnitXMLReporter -->
<testsuite ignored="4" hostname="LP95" failures="0" tests="1" name="Default test" time="8.779" errors="0" timestamp="2024-05-22T18:35:58 IST">
  <testcase classname="TestCases.HomePageTestCases" name="test5" time="8.69"/>
  <testcase classname="TestCases.HomePageTestCases" name="test3" time="0.0">
    <ignored/>
  </testcase> <!-- test3 -->
  <testcase classname="TestCases.HomePageTestCases" name="test2" time="0.0">
    <ignored/>
  </testcase> <!-- test2 -->
  <testcase classname="TestCases.HomePageTestCases" name="test4" time="0.0">
    <ignored/>
  </testcase> <!-- test4 -->
  <testcase classname="TestCases.HomePageTestCases" name="test01" time="0.0">
    <ignored/>
  </testcase> <!-- test01 -->
</testsuite> <!-- Default test -->
