<?xml version="1.0" encoding="UTF-8"?>
<!-- Generated by org.testng.reporters.JUnitXMLReporter -->
<testsuite ignored="4" hostname="LP95" failures="0" tests="1" name="Default test" time="4.138" errors="0" timestamp="2024-04-23T18:10:08 IST">
  <testcase classname="TestCases.AccountPageTestCases" name="test7" time="4.081"/>
  <testcase classname="TestCases.AccountPageTestCases" name="test6" time="0.0">
    <ignored/>
  </testcase> <!-- test6 -->
  <testcase classname="TestCases.AccountPageTestCases" name="test5" time="0.0">
    <ignored/>
  </testcase> <!-- test5 -->
  <testcase classname="TestCases.AccountPageTestCases" name="test1" time="0.0">
    <ignored/>
  </testcase> <!-- test1 -->
  <testcase classname="TestCases.AccountPageTestCases" name="test4" time="0.0">
    <ignored/>
  </testcase> <!-- test4 -->
</testsuite> <!-- Default test -->
