<?xml version="1.0" encoding="UTF-8"?>
<!-- Generated by org.testng.reporters.JUnitXMLReporter -->
<testsuite ignored="2" hostname="LP95" failures="0" tests="4" name="Test" time="17.938" errors="0" timestamp="2024-04-23T18:45:05 IST">
  <testcase classname="TestCases.AccountPageTestCases" name="test5" time="5.563"/>
  <testcase classname="TestCases.AccountPageTestCases" name="test6" time="6.851"/>
  <testcase classname="TestCases.AccountPageTestCases" name="test7" time="5.441"/>
  <testcase classname="TestCases.AccountPageTestCases" name="test8" time="0.005"/>
  <testcase classname="TestCases.AccountPageTestCases" name="test1" time="0.0">
    <ignored/>
  </testcase> <!-- test1 -->
  <testcase classname="TestCases.AccountPageTestCases" name="test4" time="0.0">
    <ignored/>
  </testcase> <!-- test4 -->
</testsuite> <!-- Test -->
