<?xml version="1.0" encoding="UTF-8"?>
<testng-results ignored="1" total="2" passed="1" failed="0" skipped="0">
  <reporter-output>
  </reporter-output>
  <suite started-at="2024-04-24T18:26:27 IST" name="Default suite" finished-at="2024-04-24T18:27:13 IST" duration-ms="46322">
    <groups>
    </groups>
    <test started-at="2024-04-24T18:26:27 IST" name="Default test" finished-at="2024-04-24T18:27:13 IST" duration-ms="46322">
      <class name="TestCases.ShoopingTestCases">
        <test-method signature="test2()[pri:0, instance:TestCases.ShoopingTestCases@1deb2c43]" started-at="2024-04-24T18:26:27 IST" name="test2" description="To test the redirection of functionality of products whether the name is equal or not" finished-at="2024-04-24T18:27:13 IST" duration-ms="46209" status="PASS">
          <reporter-output>
          </reporter-output>
        </test-method> <!-- test2 -->
      </class> <!-- TestCases.ShoopingTestCases -->
    </test> <!-- Default test -->
  </suite> <!-- Default suite -->
</testng-results>
