<?xml version="1.0" encoding="UTF-8"?>
<!-- Generated by org.testng.reporters.JUnitXMLReporter -->
<testsuite ignored="2" hostname="LP95" failures="2" tests="4" name="Test" time="22.925" errors="0" timestamp="2024-04-26T15:47:13 IST">
  <testcase classname="TestCases.AccountPageTestCases" name="test5" time="5.979"/>
  <testcase classname="TestCases.AccountPageTestCases" name="test6" time="3.486">
    <failure type="java.lang.AssertionError" message="expected [Er: Please provide a valid email address.] but found [Error: Please provide a valid email address.]">
      <![CDATA[java.lang.AssertionError: expected [Er: Please provide a valid email address.] but found [Error: Please provide a valid email address.]
at TestCases.AccountPageTestCases.test6(AccountPageTestCases.java:114)
at java.base/java.util.ArrayList.forEach(ArrayList.java:1511)
... Removed 33 stack frames]]>
    </failure>
  </testcase> <!-- test6 -->
  <testcase classname="TestCases.AccountPageTestCases" name="test7" time="12.083">
    <failure type="java.lang.AssertionError" message="expected [Err: Please enter an account password.] but found [Error: Please enter an account password.]">
      <![CDATA[java.lang.AssertionError: expected [Err: Please enter an account password.] but found [Error: Please enter an account password.]
at TestCases.AccountPageTestCases.test7(AccountPageTestCases.java:126)
at java.base/java.util.ArrayList.forEach(ArrayList.java:1511)
... Removed 33 stack frames]]>
    </failure>
  </testcase> <!-- test7 -->
  <testcase classname="TestCases.AccountPageTestCases" name="test8" time="0.003"/>
  <testcase classname="TestCases.AccountPageTestCases" name="test1" time="0.0">
    <ignored/>
  </testcase> <!-- test1 -->
  <testcase classname="TestCases.AccountPageTestCases" name="test4" time="0.0">
    <ignored/>
  </testcase> <!-- test4 -->
</testsuite> <!-- Test -->
