<?xml version="1.0" encoding="UTF-8"?>
<!-- Generated by org.testng.reporters.JUnitXMLReporter -->
<testsuite ignored="4" hostname="LP95" failures="0" tests="1" name="Test1" time="13.099" errors="0" timestamp="2024-06-05T18:29:13 IST">
  <testcase classname="TestCases.OrderingScenario" name="test1" time="13.091"/>
  <testcase classname="TestCases.OrderingScenario" name="test6" time="0.0">
    <ignored/>
  </testcase> <!-- test6 -->
  <testcase classname="TestCases.OrderingScenario" name="test5" time="0.0">
    <ignored/>
  </testcase> <!-- test5 -->
  <testcase classname="TestCases.OrderingScenario" name="test4" time="0.0">
    <ignored/>
  </testcase> <!-- test4 -->
  <testcase classname="TestCases.OrderingScenario" name="calculateprice" time="0.0">
    <ignored/>
  </testcase> <!-- calculateprice -->
</testsuite> <!-- Test1 -->
