<?xml version="1.0" encoding="UTF-8"?>
<!-- Generated by org.testng.reporters.JUnitXMLReporter -->
<testsuite ignored="4" hostname="LP95" failures="0" tests="1" name="Test" time="0.878" errors="0" timestamp="2024-06-05T18:28:59 IST">
  <testcase classname="TestCases.HomePageTestCases" name="test01" time="0.219"/>
  <testcase classname="TestCases.HomePageTestCases" name="test4" time="0.0">
    <ignored/>
  </testcase> <!-- test4 -->
  <testcase classname="TestCases.HomePageTestCases" name="test5" time="0.0">
    <ignored/>
  </testcase> <!-- test5 -->
  <testcase classname="TestCases.HomePageTestCases" name="test2" time="0.0">
    <ignored/>
  </testcase> <!-- test2 -->
  <testcase classname="TestCases.HomePageTestCases" name="test3" time="0.0">
    <ignored/>
  </testcase> <!-- test3 -->
</testsuite> <!-- Test -->
